<?xml version="1.0" encoding="UTF-8"?>
<testsuite xmlns:xsi="http://www.w3.org/2001/XMLSchema-instance" xsi:noNamespaceSchemaLocation="https://maven.apache.org/surefire/maven-surefire-plugin/xsd/surefire-test-report-3.0.xsd" version="3.0" name="ParserTest" time="0.039" tests="33" errors="0" skipped="0" failures="0">
  <properties>
    <property name="java.specification.version" value="21"/>
    <property name="sun.jnu.encoding" value="UTF-8"/>
    <property name="java.class.path" value="/Users/i589221/Documents/GitHub/jfr-query-experiments/target/test-classes:/Users/i589221/Documents/GitHub/jfr-query-experiments/target/classes:/Users/i589221/.m2/repository/info/picocli/picocli/4.7.7/picocli-4.7.7.jar:/Users/i589221/.m2/repository/org/junit/jupiter/junit-jupiter/5.9.3/junit-jupiter-5.9.3.jar:/Users/i589221/.m2/repository/org/junit/jupiter/junit-jupiter-api/5.9.3/junit-jupiter-api-5.9.3.jar:/Users/i589221/.m2/repository/org/opentest4j/opentest4j/1.2.0/opentest4j-1.2.0.jar:/Users/i589221/.m2/repository/org/junit/platform/junit-platform-commons/1.9.3/junit-platform-commons-1.9.3.jar:/Users/i589221/.m2/repository/org/apiguardian/apiguardian-api/1.1.2/apiguardian-api-1.1.2.jar:/Users/i589221/.m2/repository/org/junit/jupiter/junit-jupiter-params/5.9.3/junit-jupiter-params-5.9.3.jar:/Users/i589221/.m2/repository/org/junit/jupiter/junit-jupiter-engine/5.9.3/junit-jupiter-engine-5.9.3.jar:/Users/i589221/.m2/repository/org/junit/platform/junit-platform-engine/1.9.3/junit-platform-engine-1.9.3.jar:"/>
    <property name="java.vm.vendor" value="SAP SE"/>
    <property name="sun.arch.data.model" value="64"/>
    <property name="java.vendor.url" value="https://sapmachine.io/"/>
    <property name="os.name" value="Mac OS X"/>
    <property name="java.vm.specification.version" value="21"/>
    <property name="sun.java.launcher" value="SUN_STANDARD"/>
    <property name="user.country" value="DE"/>
    <property name="sun.boot.library.path" value="/Library/Java/JavaVirtualMachines/sapmachine-21.jdk/Contents/Home/lib"/>
    <property name="sun.java.command" value="/Users/i589221/Documents/GitHub/jfr-query-experiments/target/surefire/surefirebooter-20250718125811978_3.jar /Users/i589221/Documents/GitHub/jfr-query-experiments/target/surefire 2025-07-18T12-58-11_942-jvmRun1 surefire-20250718125811978_1tmp surefire_0-20250718125811978_2tmp"/>
    <property name="jdk.debug" value="release"/>
    <property name="surefire.test.class.path" value="/Users/i589221/Documents/GitHub/jfr-query-experiments/target/test-classes:/Users/i589221/Documents/GitHub/jfr-query-experiments/target/classes:/Users/i589221/.m2/repository/info/picocli/picocli/4.7.7/picocli-4.7.7.jar:/Users/i589221/.m2/repository/org/junit/jupiter/junit-jupiter/5.9.3/junit-jupiter-5.9.3.jar:/Users/i589221/.m2/repository/org/junit/jupiter/junit-jupiter-api/5.9.3/junit-jupiter-api-5.9.3.jar:/Users/i589221/.m2/repository/org/opentest4j/opentest4j/1.2.0/opentest4j-1.2.0.jar:/Users/i589221/.m2/repository/org/junit/platform/junit-platform-commons/1.9.3/junit-platform-commons-1.9.3.jar:/Users/i589221/.m2/repository/org/apiguardian/apiguardian-api/1.1.2/apiguardian-api-1.1.2.jar:/Users/i589221/.m2/repository/org/junit/jupiter/junit-jupiter-params/5.9.3/junit-jupiter-params-5.9.3.jar:/Users/i589221/.m2/repository/org/junit/jupiter/junit-jupiter-engine/5.9.3/junit-jupiter-engine-5.9.3.jar:/Users/i589221/.m2/repository/org/junit/platform/junit-platform-engine/1.9.3/junit-platform-engine-1.9.3.jar:"/>
    <property name="sun.cpu.endian" value="little"/>
    <property name="user.home" value="/Users/i589221"/>
    <property name="user.language" value="en"/>
    <property name="java.specification.vendor" value="Oracle Corporation"/>
    <property name="java.version.date" value="2025-04-15"/>
    <property name="java.home" value="/Library/Java/JavaVirtualMachines/sapmachine-21.jdk/Contents/Home"/>
    <property name="file.separator" value="/"/>
    <property name="basedir" value="/Users/i589221/Documents/GitHub/jfr-query-experiments"/>
    <property name="java.vm.compressedOopsMode" value="Zero based"/>
    <property name="line.separator" value="&#10;"/>
    <property name="java.specification.name" value="Java Platform API Specification"/>
    <property name="java.vm.specification.vendor" value="Oracle Corporation"/>
    <property name="apple.awt.application.name" value="ForkedBooter"/>
    <property name="surefire.real.class.path" value="/Users/i589221/Documents/GitHub/jfr-query-experiments/target/surefire/surefirebooter-20250718125811978_3.jar"/>
    <property name="sun.management.compiler" value="HotSpot 64-Bit Tiered Compilers"/>
    <property name="java.runtime.version" value="21.0.7+6-LTS"/>
    <property name="user.name" value="i589221"/>
    <property name="stdout.encoding" value="UTF-8"/>
    <property name="path.separator" value=":"/>
    <property name="os.version" value="15.5"/>
    <property name="java.runtime.name" value="OpenJDK Runtime Environment"/>
    <property name="file.encoding" value="UTF-8"/>
    <property name="java.vm.name" value="OpenJDK 64-Bit Server VM"/>
    <property name="java.vendor.version" value="SapMachine"/>
    <property name="localRepository" value="/Users/i589221/.m2/repository"/>
    <property name="java.vendor.url.bug" value="https://github.com/SAP/SapMachine/issues/new"/>
    <property name="java.io.tmpdir" value="/var/folders/rh/7yx6ftgj1w11rx2sm_w7fg1m0000gn/T/"/>
    <property name="java.version" value="21.0.7"/>
    <property name="user.dir" value="/Users/i589221/Documents/GitHub/jfr-query-experiments"/>
    <property name="os.arch" value="aarch64"/>
    <property name="java.vm.specification.name" value="Java Virtual Machine Specification"/>
    <property name="native.encoding" value="UTF-8"/>
    <property name="java.library.path" value="/Users/i589221/Library/Java/Extensions:/Library/Java/Extensions:/Network/Library/Java/Extensions:/System/Library/Java/Extensions:/usr/lib/java:."/>
    <property name="java.vm.info" value="mixed mode, sharing"/>
    <property name="stderr.encoding" value="UTF-8"/>
    <property name="java.vendor" value="SAP SE"/>
    <property name="java.vm.version" value="21.0.7+6-LTS"/>
    <property name="sun.io.unicode.encoding" value="UnicodeBig"/>
    <property name="java.class.version" value="65.0"/>
  </properties>
  <testcase name="testInvalidOperator" classname="ParserTest" time="0.002"/>
  <testcase name="testSelectWithFunctionCall" classname="ParserTest" time="0.001"/>
  <testcase name="testUnclosedParenthesis" classname="ParserTest" time="0.001"/>
  <testcase name="testMultipleQueries" classname="ParserTest" time="0.0"/>
  <testcase name="testOpenJDK" classname="ParserTest" time="0.0"/>
  <testcase name="testMissingSelectClause" classname="ParserTest" time="0.001"/>
  <testcase name="testInvalidQueryAssignment" classname="ParserTest" time="0.0"/>
  <testcase name="testArithmeticExpressionInWhere" classname="ParserTest" time="0.001"/>
  <testcase name="testInvalidFunctionCallSyntax" classname="ParserTest" time="0.001"/>
  <testcase name="testCombinedQueries(String)[1]" classname="ParserTest" time="0.01"/>
  <testcase name="testCombinedQueries(String)[2]" classname="ParserTest" time="0.001"/>
  <testcase name="testCombinedQueries(String)[3]" classname="ParserTest" time="0.0"/>
  <testcase name="testCombinedQueries(String)[4]" classname="ParserTest" time="0.0"/>
  <testcase name="testCombinedQueries(String)[5]" classname="ParserTest" time="0.001"/>
  <testcase name="testCombinedQueries(String)[6]" classname="ParserTest" time="0.0"/>
  <testcase name="testCombinedQueries(String)[7]" classname="ParserTest" time="0.0"/>
  <testcase name="testCombinedQueries(String)[8]" classname="ParserTest" time="0.001"/>
  <testcase name="testMultipleQueries2" classname="ParserTest" time="0.0"/>
  <testcase name="testTableIdentifiers" classname="ParserTest" time="0.0"/>
  <testcase name="testSelectWithSubquery" classname="ParserTest" time="0.0"/>
  <testcase name="testSimpleSelect" classname="ParserTest" time="0.001"/>
  <testcase name="testSelectWithArithmeticExpression" classname="ParserTest" time="0.0"/>
  <testcase name="testEverything" classname="ParserTest" time="0.001"/>
  <testcase name="testTreeBuilder" classname="ParserTest" time="0.0"/>
  <testcase name="testFunctionCallInSelect" classname="ParserTest" time="0.001"/>
  <testcase name="testSelectWithWhere" classname="ParserTest" time="0.0"/>
  <testcase name="testOpenJDK2" classname="ParserTest" time="0.001"/>
  <testcase name="testMissingFromClause" classname="ParserTest" time="0.0"/>
  <testcase name="testFunctionCallInWhere" classname="ParserTest" time="0.0"/>
  <testcase name="testAllTheThings" classname="ParserTest" time="0.001"/>
  <testcase name="testArithmeticExpressionInSelect" classname="ParserTest" time="0.0"/>
  <testcase name="testQueryAssignment" classname="ParserTest" time="0.0"/>
  <testcase name="testTableAlias" classname="ParserTest" time="0.0"/>
</testsuite>