<?xml version="1.0" encoding="UTF-8"?>
<testsuite xmlns:xsi="http://www.w3.org/2001/XMLSchema-instance" xsi:noNamespaceSchemaLocation="https://maven.apache.org/surefire/maven-surefire-plugin/xsd/surefire-test-report-3.0.xsd" version="3.0" name="ParserTest" time="0.08" tests="33" errors="0" skipped="0" failures="0">
  <properties>
    <property name="java.specification.version" value="24"/>
    <property name="sun.cpu.isalist" value="amd64"/>
    <property name="sun.jnu.encoding" value="Cp1252"/>
    <property name="java.class.path" value="C:\Users\kbirk\Documents\GitHub\jfr-query-experiments\target\test-classes;C:\Users\kbirk\Documents\GitHub\jfr-query-experiments\target\classes;C:\Users\kbirk\.m2\repository\info\picocli\picocli\4.7.7\picocli-4.7.7.jar;C:\Users\kbirk\.m2\repository\org\junit\jupiter\junit-jupiter\5.9.3\junit-jupiter-5.9.3.jar;C:\Users\kbirk\.m2\repository\org\junit\jupiter\junit-jupiter-api\5.9.3\junit-jupiter-api-5.9.3.jar;C:\Users\kbirk\.m2\repository\org\opentest4j\opentest4j\1.2.0\opentest4j-1.2.0.jar;C:\Users\kbirk\.m2\repository\org\junit\platform\junit-platform-commons\1.9.3\junit-platform-commons-1.9.3.jar;C:\Users\kbirk\.m2\repository\org\apiguardian\apiguardian-api\1.1.2\apiguardian-api-1.1.2.jar;C:\Users\kbirk\.m2\repository\org\junit\jupiter\junit-jupiter-params\5.9.3\junit-jupiter-params-5.9.3.jar;C:\Users\kbirk\.m2\repository\org\junit\jupiter\junit-jupiter-engine\5.9.3\junit-jupiter-engine-5.9.3.jar;C:\Users\kbirk\.m2\repository\org\junit\platform\junit-platform-engine\1.9.3\junit-platform-engine-1.9.3.jar;"/>
    <property name="java.vm.vendor" value="SAP SE"/>
    <property name="sun.arch.data.model" value="64"/>
    <property name="user.variant" value=""/>
    <property name="java.vendor.url" value="https://sapmachine.io/"/>
    <property name="user.timezone" value="Europe/Berlin"/>
    <property name="user.country.format" value="DE"/>
    <property name="os.name" value="Windows 11"/>
    <property name="java.vm.specification.version" value="24"/>
    <property name="sun.java.launcher" value="SUN_STANDARD"/>
    <property name="user.country" value="US"/>
    <property name="sun.boot.library.path" value="C:\Program Files\SapMachine\JDK\24\bin"/>
    <property name="sun.java.command" value="C:\Users\kbirk\AppData\Local\Temp\surefire11778227802489239939\surefirebooter-20250718110456655_3.jar C:\Users\kbirk\AppData\Local\Temp\surefire11778227802489239939 2025-07-18T11-04-56_547-jvmRun1 surefire-20250718110456655_1tmp surefire_0-20250718110456655_2tmp"/>
    <property name="jdk.debug" value="release"/>
    <property name="surefire.test.class.path" value="C:\Users\kbirk\Documents\GitHub\jfr-query-experiments\target\test-classes;C:\Users\kbirk\Documents\GitHub\jfr-query-experiments\target\classes;C:\Users\kbirk\.m2\repository\info\picocli\picocli\4.7.7\picocli-4.7.7.jar;C:\Users\kbirk\.m2\repository\org\junit\jupiter\junit-jupiter\5.9.3\junit-jupiter-5.9.3.jar;C:\Users\kbirk\.m2\repository\org\junit\jupiter\junit-jupiter-api\5.9.3\junit-jupiter-api-5.9.3.jar;C:\Users\kbirk\.m2\repository\org\opentest4j\opentest4j\1.2.0\opentest4j-1.2.0.jar;C:\Users\kbirk\.m2\repository\org\junit\platform\junit-platform-commons\1.9.3\junit-platform-commons-1.9.3.jar;C:\Users\kbirk\.m2\repository\org\apiguardian\apiguardian-api\1.1.2\apiguardian-api-1.1.2.jar;C:\Users\kbirk\.m2\repository\org\junit\jupiter\junit-jupiter-params\5.9.3\junit-jupiter-params-5.9.3.jar;C:\Users\kbirk\.m2\repository\org\junit\jupiter\junit-jupiter-engine\5.9.3\junit-jupiter-engine-5.9.3.jar;C:\Users\kbirk\.m2\repository\org\junit\platform\junit-platform-engine\1.9.3\junit-platform-engine-1.9.3.jar;"/>
    <property name="sun.cpu.endian" value="little"/>
    <property name="user.home" value="C:\Users\kbirk"/>
    <property name="user.language" value="en"/>
    <property name="java.specification.vendor" value="Oracle Corporation"/>
    <property name="java.version.date" value="2025-07-15"/>
    <property name="java.home" value="C:\Program Files\SapMachine\JDK\24"/>
    <property name="file.separator" value="\"/>
    <property name="basedir" value="C:\Users\kbirk\Documents\GitHub\jfr-query-experiments"/>
    <property name="java.vm.compressedOopsMode" value="Zero based"/>
    <property name="line.separator" value="&#10;"/>
    <property name="java.vm.specification.vendor" value="Oracle Corporation"/>
    <property name="java.specification.name" value="Java Platform API Specification"/>
    <property name="surefire.real.class.path" value="C:\Users\kbirk\AppData\Local\Temp\surefire11778227802489239939\surefirebooter-20250718110456655_3.jar"/>
    <property name="user.script" value=""/>
    <property name="sun.management.compiler" value="HotSpot 64-Bit Tiered Compilers"/>
    <property name="java.runtime.version" value="24.0.2+12"/>
    <property name="user.name" value="kbirk"/>
    <property name="stdout.encoding" value="Cp1252"/>
    <property name="path.separator" value=";"/>
    <property name="os.version" value="10.0"/>
    <property name="java.runtime.name" value="OpenJDK Runtime Environment"/>
    <property name="file.encoding" value="UTF-8"/>
    <property name="java.vm.name" value="OpenJDK 64-Bit Server VM"/>
    <property name="java.vendor.version" value="SapMachine"/>
    <property name="localRepository" value="C:\Users\kbirk\.m2\repository"/>
    <property name="java.vendor.url.bug" value="https://github.com/SAP/SapMachine/issues/new"/>
    <property name="java.io.tmpdir" value="C:\Users\kbirk\AppData\Local\Temp\"/>
    <property name="java.version" value="24.0.2"/>
    <property name="user.dir" value="C:\Users\kbirk\Documents\GitHub\jfr-query-experiments"/>
    <property name="os.arch" value="amd64"/>
    <property name="java.vm.specification.name" value="Java Virtual Machine Specification"/>
    <property name="sun.os.patch.level" value=""/>
    <property name="native.encoding" value="Cp1252"/>
    <property name="java.library.path" value="C:\Program Files\SapMachine\JDK\24\bin;C:\WINDOWS\Sun\Java\bin;C:\WINDOWS\system32;C:\WINDOWS;C:\Program Files\SapMachine\JDK\24\bin;C:\Program Files\Eclipse Adoptium\jre-21.0.6.7-hotspot\bin;C:\Python312\Scripts\;C:\Python312\;C:\WINDOWS\system32;C:\WINDOWS;C:\WINDOWS\System32\Wbem;C:\WINDOWS\System32\WindowsPowerShell\v1.0\;C:\WINDOWS\System32\OpenSSH\;C:\Program Files (x86)\NVIDIA Corporation\PhysX\Common;C:\Program Files\nodejs\;C:\ProgramData\chocolatey\bin;C:\Program Files\Git\cmd;C:\Program Files\CMake\bin;C:\Program Files\NVIDIA Corporation\NVIDIA app\NvDLISR;C:\Program Files\dotnet\;C:\Program Files (x86)\Windows Kits\10\Windows Performance Toolkit\;C:\Program Files\GitHub CLI\;C:\Users\kbirk\odin\dist;C:\Users\kbirk\Documents\apache-maven-3.9.11\bin;C:\Users\kbirk\AppData\Local\Microsoft\WindowsApps;C:\Users\kbirk\AppData\Local\Programs\Microsoft VS Code\bin;C:\Users\kbirk\AppData\Roaming\npm;C:\Program Files\Git\cmd;C:\Users\kbirk\.dotnet\tools;;c:\Users\kbirk\AppData\Roaming\Code\User\globalStorage\github.copilot-chat\debugCommand;."/>
    <property name="java.vm.info" value="mixed mode, sharing"/>
    <property name="stderr.encoding" value="Cp1252"/>
    <property name="java.vendor" value="SAP SE"/>
    <property name="java.vm.version" value="24.0.2+12"/>
    <property name="sun.io.unicode.encoding" value="UnicodeLittle"/>
    <property name="java.class.version" value="68.0"/>
  </properties>
  <testcase name="testInvalidOperator" classname="ParserTest" time="0.003"/>
  <testcase name="testSelectWithFunctionCall" classname="ParserTest" time="0.002"/>
  <testcase name="testUnclosedParenthesis" classname="ParserTest" time="0.001"/>
  <testcase name="testMultipleQueries" classname="ParserTest" time="0.001"/>
  <testcase name="testOpenJDK" classname="ParserTest" time="0.001"/>
  <testcase name="testMissingSelectClause" classname="ParserTest" time="0.001"/>
  <testcase name="testInvalidQueryAssignment" classname="ParserTest" time="0.001"/>
  <testcase name="testArithmeticExpressionInWhere" classname="ParserTest" time="0.001"/>
  <testcase name="testInvalidFunctionCallSyntax" classname="ParserTest" time="0.001"/>
  <testcase name="testCombinedQueries(String)[1]" classname="ParserTest" time="0.017"/>
  <testcase name="testCombinedQueries(String)[2]" classname="ParserTest" time="0.001"/>
  <testcase name="testCombinedQueries(String)[3]" classname="ParserTest" time="0.0"/>
  <testcase name="testCombinedQueries(String)[4]" classname="ParserTest" time="0.0"/>
  <testcase name="testCombinedQueries(String)[5]" classname="ParserTest" time="0.0"/>
  <testcase name="testCombinedQueries(String)[6]" classname="ParserTest" time="0.0"/>
  <testcase name="testCombinedQueries(String)[7]" classname="ParserTest" time="0.0"/>
  <testcase name="testCombinedQueries(String)[8]" classname="ParserTest" time="0.001"/>
  <testcase name="testMultipleQueries2" classname="ParserTest" time="0.0"/>
  <testcase name="testTableIdentifiers" classname="ParserTest" time="0.0"/>
  <testcase name="testSelectWithSubquery" classname="ParserTest" time="0.001"/>
  <testcase name="testSimpleSelect" classname="ParserTest" time="0.0"/>
  <testcase name="testSelectWithArithmeticExpression" classname="ParserTest" time="0.0"/>
  <testcase name="testEverything" classname="ParserTest" time="0.001"/>
  <testcase name="testTreeBuilder" classname="ParserTest" time="0.001"/>
  <testcase name="testFunctionCallInSelect" classname="ParserTest" time="0.0"/>
  <testcase name="testSelectWithWhere" classname="ParserTest" time="0.0"/>
  <testcase name="testOpenJDK2" classname="ParserTest" time="0.0"/>
  <testcase name="testMissingFromClause" classname="ParserTest" time="0.001"/>
  <testcase name="testFunctionCallInWhere" classname="ParserTest" time="0.0"/>
  <testcase name="testAllTheThings" classname="ParserTest" time="0.0"/>
  <testcase name="testArithmeticExpressionInSelect" classname="ParserTest" time="0.0"/>
  <testcase name="testQueryAssignment" classname="ParserTest" time="0.0"/>
  <testcase name="testTableAlias" classname="ParserTest" time="0.001"/>
</testsuite>